<?xml version="1.0" encoding="UTF-8" ?>
<testsuite tests="1" failures="0" name="seckill.dao.cache.RedisDaoTest" time="0.31" errors="0" skipped="1">
  <properties>
[...]
</properties>
  <testcase classname="seckill.dao.cache.RedisDaoTest" name="testProduct" time="0.31">
    <skipped/>
    <system-err>Jun 03, 2018 11:28:03 PM org.springframework.test.context.support.DefaultTestContextBootstrapper getDefaultTestExecutionListenerClassNames
INFO: Loaded default TestExecutionListener class names from location [META-INF/spring.factories]: [org.springframework.test.context.web.ServletTestExecutionListener, org.springframework.test.context.support.DirtiesContextBeforeModesTestExecutionListener, org.springframework.test.context.support.DependencyInjectionTestExecutionListener, org.springframework.test.context.support.DirtiesContextTestExecutionListener, org.springframework.test.context.transaction.TransactionalTestExecutionListener, org.springframework.test.context.jdbc.SqlScriptsTestExecutionListener]
Jun 03, 2018 11:28:03 PM org.springframework.test.context.support.DefaultTestContextBootstrapper getTestExecutionListeners
INFO: Using TestExecutionListeners: [org.springframework.test.context.web.ServletTestExecutionListener@7823a2f9, org.springframework.test.context.support.DirtiesContextBeforeModesTestExecutionListener@4cc0edeb, org.springframework.test.context.support.DependencyInjectionTestExecutionListener@457e2f02, org.springframework.test.context.support.DirtiesContextTestExecutionListener@5c7fa833, org.springframework.test.context.transaction.TransactionalTestExecutionListener@39aeed2f, org.springframework.test.context.jdbc.SqlScriptsTestExecutionListener@724af044]
</system-err>
  </testcase>
</testsuite>